\BOOKMARK [0][-]{section*.1}{\376\377\000R\000e\000s\000u\000m\000e\000n}{}% 1
\BOOKMARK [0][-]{chapter.1}{\376\377\000I\000n\000t\000r\000o\000d\000u\000c\000c\000i\000\363\000n}{}% 2
\BOOKMARK [1][-]{section.1.1}{\376\377\000C\000o\000n\000t\000e\000x\000t\000o\000\040\000y\000\040\000p\000r\000o\000b\000l\000e\000m\000\341\000t\000i\000c\000a\000\040\000d\000e\000l\000\040\000r\000i\000e\000g\000o\000\040\000s\000o\000l\000a\000r}{chapter.1}% 3
\BOOKMARK [1][-]{section.1.2}{\376\377\000E\000s\000t\000a\000d\000o\000\040\000d\000e\000l\000\040\000a\000r\000t\000e\000:\000\040\000m\000o\000d\000e\000l\000a\000d\000o\000\040\000y\000\040\000o\000p\000t\000i\000m\000i\000z\000a\000c\000i\000\363\000n}{chapter.1}% 4
\BOOKMARK [2][-]{subsection.1.2.1}{\376\377\000E\000l\000\040\000m\000o\000d\000e\000l\000a\000d\000o\000:\000\040\000c\000o\000n\000s\000i\000s\000t\000e\000n\000c\000i\000a\000\040\000v\000s\000.\000\040\000p\000r\000e\000c\000i\000s\000i\000\363\000n\000\040}{section.1.2}% 5
\BOOKMARK [2][-]{subsection.1.2.2}{\376\377\000O\000p\000t\000i\000m\000i\000z\000a\000c\000i\000\363\000n\000:\000\040\000o\000p\000t\000i\000m\000a\000l\000i\000d\000a\000d\000\040\000v\000s\000.\000\040\000f\000a\000c\000t\000i\000b\000i\000l\000i\000d\000a\000d\000\040}{section.1.2}% 6
\BOOKMARK [1][-]{section.1.3}{\376\377\000M\000o\000t\000i\000v\000a\000c\000i\000\363\000n}{chapter.1}% 7
\BOOKMARK [1][-]{section.1.4}{\376\377\000O\000b\000j\000e\000t\000i\000v\000o\000s\000\040\000y\000\040\000a\000l\000c\000a\000n\000c\000e}{chapter.1}% 8
\BOOKMARK [0][-]{chapter.2}{\376\377\000I\000n\000t\000r\000o\000d\000u\000c\000c\000i\000\363\000n\000\040\000e\000s\000p\000e\000c\000\355\000f\000i\000c\000a}{}% 9
\BOOKMARK [1][-]{section.2.1}{\376\377\000T\000e\000o\000r\000\355\000a\000\040\000d\000e\000l\000\040\000m\000o\000d\000e\000l\000a\000d\000o\000\040\000h\000\355\000b\000r\000i\000d\000o\000:\000\040\000c\000o\000r\000r\000e\000c\000c\000i\000\363\000n\000\040\000d\000e\000\040\000r\000e\000s\000i\000d\000u\000a\000l\000e\000s}{chapter.2}% 10
\BOOKMARK [2][-]{subsection.2.1.1}{\376\377\000C\000o\000m\000p\000o\000n\000e\000n\000t\000e\000\040\000f\000\355\000s\000i\000c\000o\000\040\000\050\000f\000f\000i\000s\000i\000c\000o\000\051}{section.2.1}% 11
\BOOKMARK [2][-]{subsection.2.1.2}{\376\377\000C\000o\000m\000p\000o\000n\000e\000n\000t\000e\000\040\000c\000o\000r\000r\000e\000c\000t\000o\000r\000\040\000\050\000f\000A\000I\000\051}{section.2.1}% 12
\BOOKMARK [1][-]{section.2.2}{\376\377\000F\000o\000r\000m\000u\000l\000a\000c\000i\000\363\000n\000\040\000d\000e\000l\000\040\000p\000r\000o\000b\000l\000e\000m\000a\000\040\000d\000e\000\040\000o\000p\000t\000i\000m\000i\000z\000a\000c\000i\000\363\000n}{chapter.2}% 13
\BOOKMARK [2][-]{subsection.2.2.1}{\376\377\000F\000o\000r\000m\000u\000l\000a\000c\000i\000\363\000n\000\040\000m\000a\000t\000e\000m\000\341\000t\000i\000c\000a\000\040\000f\000o\000r\000m\000a\000l}{section.2.2}% 14
\BOOKMARK [3][-]{section*.7}{\376\377\000F\000u\000n\000c\000i\000\363\000n\000\040\000o\000b\000j\000e\000t\000i\000v\000o\000\040\000p\000o\000n\000d\000e\000r\000a\000d\000a}{subsection.2.2.1}% 15
\BOOKMARK [3][-]{section*.8}{\376\377\000R\000e\000s\000t\000r\000i\000c\000c\000i\000o\000n\000e\000s\000\040\000d\000e\000l\000\040\000p\000r\000o\000b\000l\000e\000m\000a}{subsection.2.2.1}% 16
\BOOKMARK [1][-]{section.2.3}{\376\377\000T\000e\000o\000r\000\355\000a\000\040\000d\000e\000\040\000o\000p\000t\000i\000m\000i\000z\000a\000c\000i\000\363\000n\000:\000\040\000a\000l\000g\000o\000r\000i\000t\000m\000o\000s\000\040\000g\000e\000n\000\351\000t\000i\000c\000o\000s}{chapter.2}% 17
\BOOKMARK [2][-]{subsection.2.3.1}{\376\377\000A\000n\000a\000t\000o\000m\000\355\000a\000\040\000d\000e\000\040\000u\000n\000\040\000a\000l\000g\000o\000r\000i\000t\000m\000o\000\040\000g\000e\000n\000\351\000t\000i\000c\000o}{section.2.3}% 18
\BOOKMARK [3][-]{section*.9}{\376\377\000C\000o\000d\000i\000f\000i\000c\000a\000c\000i\000\363\000n\000\040\000d\000e\000l\000\040\000c\000r\000o\000m\000o\000s\000o\000m\000a\000\040\000\050\000r\000e\000p\000r\000e\000s\000e\000n\000t\000a\000c\000i\000\363\000n\000\040\000d\000e\000\040\000l\000a\000\040\000s\000o\000l\000u\000c\000i\000\363\000n\000\051}{subsection.2.3.1}% 19
\BOOKMARK [3][-]{section*.10}{\376\377\000O\000p\000e\000r\000a\000d\000o\000r\000e\000s\000\040\000d\000e\000\040\000s\000e\000l\000e\000c\000c\000i\000\363\000n}{subsection.2.3.1}% 20
\BOOKMARK [3][-]{section*.12}{\376\377\000O\000p\000e\000r\000a\000d\000o\000r\000e\000s\000\040\000d\000e\000\040\000c\000r\000u\000c\000e\000\040\000\050\000c\000r\000o\000s\000s\000o\000v\000e\000r\000\040\000/\000\040\000r\000e\000c\000o\000m\000b\000i\000n\000a\000c\000i\000\363\000n\000\051}{subsection.2.3.1}% 21
\BOOKMARK [3][-]{section*.14}{\376\377\000O\000p\000e\000r\000a\000d\000o\000r\000e\000s\000\040\000d\000e\000\040\000m\000u\000t\000a\000c\000i\000\363\000n\000\040\000\050\000d\000i\000v\000e\000r\000s\000i\000d\000a\000d\000\051}{subsection.2.3.1}% 22
\BOOKMARK [1][-]{section.2.4}{\376\377\000M\000a\000n\000e\000j\000o\000\040\000d\000e\000\040\000r\000e\000s\000t\000r\000i\000c\000c\000i\000o\000n\000e\000s\000:\000\040\000f\000u\000n\000c\000i\000o\000n\000e\000s\000\040\000d\000e\000\040\000p\000e\000n\000a\000l\000i\000z\000a\000c\000i\000\363\000n}{chapter.2}% 23
\BOOKMARK [0][-]{chapter.3}{\376\377\000D\000i\000s\000e\000\361\000o\000\040\000e\000\040\000i\000m\000p\000l\000e\000m\000e\000n\000t\000a\000c\000i\000\363\000n}{}% 24
\BOOKMARK [1][-]{section.3.1}{\376\377\000A\000r\000q\000u\000i\000t\000e\000c\000t\000u\000r\000a\000\040\000G\000e\000n\000e\000r\000a\000l\000\040\000d\000e\000l\000\040\000S\000o\000f\000t\000w\000a\000r\000e}{chapter.3}% 25
\BOOKMARK [1][-]{section.3.2}{\376\377\000I\000m\000p\000l\000e\000m\000e\000n\000t\000a\000c\000i\000\363\000n\000\040\000d\000e\000l\000\040\000g\000e\000m\000e\000l\000o\000\040\000d\000i\000g\000i\000t\000a\000l\000\040\000h\000\355\000b\000r\000i\000d\000o}{chapter.3}% 26
\BOOKMARK [1][-]{section.3.3}{\376\377\000I\000m\000p\000l\000e\000m\000e\000n\000t\000a\000c\000i\000\363\000n\000\040\000d\000e\000l\000\040\000o\000p\000t\000i\000m\000i\000z\000a\000d\000o\000r\000\040\000d\000e\000\040\000d\000e\000s\000p\000a\000c\000h\000o\000\040\000\050\000G\000A\000\051}{chapter.3}% 27
\BOOKMARK [1][-]{section.3.4}{\376\377\000I\000m\000p\000l\000e\000m\000e\000n\000t\000a\000c\000i\000\363\000n\000\040\000d\000e\000\040\000f\000u\000n\000c\000i\000o\000n\000e\000s\000\040\000d\000e\000\040\000c\000o\000s\000t\000o\000\040\000y\000\040\000p\000e\000n\000a\000l\000i\000z\000a\000c\000i\000o\000n\000e\000s}{chapter.3}% 28
\BOOKMARK [0][-]{chapter.4}{\376\377\000E\000n\000s\000a\000y\000o\000s\000\040\000y\000\040\000r\000e\000s\000u\000l\000t\000a\000d\000o\000s}{}% 29
\BOOKMARK [1][-]{section.4.1}{\376\377\000E\000n\000t\000o\000r\000n\000o\000\040\000y\000\040\000b\000a\000n\000c\000o\000\040\000d\000e\000\040\000p\000r\000u\000e\000b\000a\000s}{chapter.4}% 30
\BOOKMARK [1][-]{section.4.2}{\376\377\000P\000r\000u\000e\000b\000a\000s\000\040\000d\000e\000l\000\040\000g\000e\000m\000e\000l\000o\000\040\000d\000i\000g\000i\000t\000a\000l\000\040\000h\000i\000b\000r\000i\000d\000o}{chapter.4}% 31
\BOOKMARK [1][-]{section.4.3}{\376\377\000C\000a\000s\000o\000\040\000d\000e\000\040\000e\000s\000t\000u\000d\000i\000o\000:\000\040\000s\000i\000m\000u\000l\000a\000c\000i\000\363\000n\000\040\000d\000e\000\040\000d\000e\000s\000p\000a\000c\000h\000o}{chapter.4}% 32
\BOOKMARK [0][-]{chapter.5}{\376\377\000C\000o\000n\000c\000l\000u\000s\000i\000o\000n\000e\000s}{}% 33
\BOOKMARK [1][-]{section.5.1}{\376\377\000R\000e\000s\000u\000l\000t\000a\000d\000o\000s\000\040\000o\000b\000t\000e\000n\000i\000d\000o\000s}{chapter.5}% 34
\BOOKMARK [1][-]{section.5.2}{\376\377\000T\000r\000a\000b\000a\000j\000o\000\040\000f\000u\000t\000u\000r\000o}{chapter.5}% 35
\BOOKMARK [0][-]{appendix*.16}{\376\377\000B\000i\000b\000l\000i\000o\000g\000r\000a\000f\000\355\000a}{}% 36
